#
# There is insufficient memory for the Java Runtime Environment to continue.
# Native memory allocation (malloc) failed to allocate 1048576 bytes for AllocateHeap
# Possible reasons:
#   The system is out of physical RAM or swap space
#   In 32 bit mode, the process size limit was hit
# Possible solutions:
#   Reduce memory load on the system
#   Increase physical memory or swap space
#   Check if swap backing store is full
#   Use 64 bit Java on a 64 bit OS
#   Decrease Java heap size (-Xmx/-Xms)
#   Decrease number of Java threads
#   Decrease Java thread stack sizes (-Xss)
#   Set larger code cache with -XX:ReservedCodeCacheSize=
# This output file may be truncated or incomplete.
#
#  Out of Memory Error (memory/allocation.inline.hpp:61), pid=4592, tid=0x00000000000035a8
#
# JRE version:  (8.0) (build )
# Java VM: OpenJDK 64-Bit Server VM (25.71-b00 mixed mode windows-amd64 compressed oops)
# Failed to write core dump. Minidumps are not enabled by default on client versions of Windows
#

---------------  T H R E A D  ---------------

Current thread (0x0000000003222800):  JavaThread "Unknown thread" [_thread_in_vm, id=13736, stack(0x0000000003100000,0x0000000003200000)]

Stack: [0x0000000003100000,0x0000000003200000]
[error occurred during error reporting (printing stack bounds), id 0xc0000005]

Native frames: (J=compiled Java code, j=interpreted, Vv=VM code, C=native code)


---------------  P R O C E S S  ---------------

Java Threads: ( => current thread )

Other Threads:

=>0x0000000003222800 (exited) JavaThread "Unknown thread" [_thread_in_vm, id=13736, stack(0x0000000003100000,0x0000000003200000)]

VM state:not at safepoint (normal execution)

VM Mutex/Monitor currently owned by a thread: None

Heap:
 PSYoungGen      total 37888K, used 655K [0x00000000d6200000, 0x00000000d8c00000, 0x0000000100000000)
  eden space 32768K, 2% used [0x00000000d6200000,0x00000000d62a3d80,0x00000000d8200000)
  from space 5120K, 0% used [0x00000000d8700000,0x00000000d8700000,0x00000000d8c00000)
  to   space 5120K, 0% used [0x00000000d8200000,0x00000000d8200000,0x00000000d8700000)
 ParOldGen       total 86016K, used 0K [0x0000000082600000, 0x0000000087a00000, 0x00000000d6200000)
  object space 86016K, 0% used [0x0000000082600000,0x0000000082600000,0x0000000087a00000)
 Metaspace       used 784K, capacity 1156K, committed 1408K, reserved 1060864K
  class space    used 74K, capacity 384K, committed 384K, reserved 1048576K

Card table byte_map: [0x00000000126e0000,0x0000000012ad0000] byte_map_base: 0x00000000122cd000

Marking Bits: (ParMarkBitMap*) 0x000000007239be50
 Begin Bits: [0x0000000013570000, 0x00000000154d8000)
 End Bits:   [0x00000000154d8000, 0x0000000017440000)

Polling page: 0x0000000000ff0000

CodeCache: size=245760Kb used=328Kb max_used=328Kb free=245431Kb
 bounds [0x0000000003320000, 0x0000000003590000, 0x0000000012320000]
 total_blobs=57 nmethods=0 adapters=38
 compilation: enabled

Compilation events (0 events):
No events

GC Heap History (0 events):
No events

Deoptimization events (0 events):
No events

Classes redefined (0 events):
No events

Internal exceptions (0 events):
No events

Events (10 events):
Event: 0.032 loading class java/lang/Short
Event: 0.032 loading class java/lang/Short done
Event: 0.032 loading class java/lang/Integer
Event: 0.032 loading class java/lang/Integer done
Event: 0.032 loading class java/lang/Long
Event: 0.032 loading class java/lang/Long done
Event: 0.033 loading class java/lang/NullPointerException
Event: 0.033 loading class java/lang/NullPointerException done
Event: 0.033 loading class java/lang/ArithmeticException
Event: 0.033 loading class java/lang/ArithmeticException done


Dynamic libraries:
0x00007ff76e020000 - 0x00007ff76e055000 	D:\Programs\Unity\2019.1.8f1\Editor\Data\PlaybackEngines\AndroidPlayer\Tools\OpenJDK\Windows\bin\java.exe
0x00007ffccbc00000 - 0x00007ffccbdf0000 	C:\WINDOWS\SYSTEM32\ntdll.dll
0x00007ffcc9cb0000 - 0x00007ffcc9d62000 	C:\WINDOWS\System32\KERNEL32.DLL
0x00007ffcc9030000 - 0x00007ffcc92d3000 	C:\WINDOWS\System32\KERNELBASE.dll
0x00007ffccaee0000 - 0x00007ffccaf83000 	C:\WINDOWS\System32\ADVAPI32.dll
0x00007ffccb6e0000 - 0x00007ffccb77e000 	C:\WINDOWS\System32\msvcrt.dll
0x00007ffccb5e0000 - 0x00007ffccb677000 	C:\WINDOWS\System32\sechost.dll
0x00007ffccb8e0000 - 0x00007ffccba00000 	C:\WINDOWS\System32\RPCRT4.dll
0x00007ffccb290000 - 0x00007ffccb424000 	C:\WINDOWS\System32\USER32.dll
0x00007ffcc92e0000 - 0x00007ffcc9301000 	C:\WINDOWS\System32\win32u.dll
0x00007ffccbb90000 - 0x00007ffccbbb6000 	C:\WINDOWS\System32\GDI32.dll
0x00007ffcc9310000 - 0x00007ffcc94a4000 	C:\WINDOWS\System32\gdi32full.dll
0x00007ffcc8b90000 - 0x00007ffcc8c2e000 	C:\WINDOWS\System32\msvcp_win.dll
0x00007ffcc8c30000 - 0x00007ffcc8d2a000 	C:\WINDOWS\System32\ucrtbase.dll
0x00007ffcb53b0000 - 0x00007ffcb5635000 	C:\WINDOWS\WinSxS\amd64_microsoft.windows.common-controls_6595b64144ccf1df_6.0.18362.418_none_e6c6b287130d565d\COMCTL32.dll
0x00007ffcca4b0000 - 0x00007ffcca7e6000 	C:\WINDOWS\System32\combase.dll
0x00007ffcc9c30000 - 0x00007ffcc9cb0000 	C:\WINDOWS\System32\bcryptPrimitives.dll
0x00007ffccba80000 - 0x00007ffccbaae000 	C:\WINDOWS\System32\IMM32.DLL
0x00000000725f0000 - 0x00000000726c2000 	D:\Programs\Unity\2019.1.8f1\Editor\Data\PlaybackEngines\AndroidPlayer\Tools\OpenJDK\Windows\jre\bin\msvcr100.dll
0x0000000071bd0000 - 0x0000000072419000 	D:\Programs\Unity\2019.1.8f1\Editor\Data\PlaybackEngines\AndroidPlayer\Tools\OpenJDK\Windows\jre\bin\server\jvm.dll
0x00007ffccba70000 - 0x00007ffccba78000 	C:\WINDOWS\System32\PSAPI.DLL
0x00007ffcbc840000 - 0x00007ffcbc84a000 	C:\WINDOWS\SYSTEM32\VERSION.dll
0x00007ffcc0360000 - 0x00007ffcc0384000 	C:\WINDOWS\SYSTEM32\WINMM.dll
0x00007ffcc0430000 - 0x00007ffcc0439000 	C:\WINDOWS\SYSTEM32\WSOCK32.dll
0x00007ffccb430000 - 0x00007ffccb49f000 	C:\WINDOWS\System32\WS2_32.dll
0x00007ffcc02a0000 - 0x00007ffcc02cd000 	C:\WINDOWS\SYSTEM32\WINMMBASE.dll
0x00007ffcc8fe0000 - 0x00007ffcc902a000 	C:\WINDOWS\System32\cfgmgr32.dll
0x00007ffcc0420000 - 0x00007ffcc042f000 	D:\Programs\Unity\2019.1.8f1\Editor\Data\PlaybackEngines\AndroidPlayer\Tools\OpenJDK\Windows\jre\bin\verify.dll
0x00007ffcb1530000 - 0x00007ffcb1559000 	D:\Programs\Unity\2019.1.8f1\Editor\Data\PlaybackEngines\AndroidPlayer\Tools\OpenJDK\Windows\jre\bin\java.dll
0x00007ffcbed60000 - 0x00007ffcbed76000 	D:\Programs\Unity\2019.1.8f1\Editor\Data\PlaybackEngines\AndroidPlayer\Tools\OpenJDK\Windows\jre\bin\zip.dll

VM Arguments:
java_command: <unknown>
java_class_path (initial): .
Launcher Type: SUN_STANDARD

Environment Variables:
JAVA_HOME=D:\Programs\Unity\2019.1.8f1\Editor\Data\PlaybackEngines\AndroidPlayer/Tools\OpenJDK\Windows
PATH=C:\Program Files (x86)\Common Files\Oracle\Java\javapath;C:\WINDOWS\system32;C:\WINDOWS;C:\WINDOWS\System32\Wbem;C:\WINDOWS\System32\WindowsPowerShell\v1.0\;C:\WINDOWS\System32\OpenSSH\;C:\Program Files\NVIDIA Corporation\NVIDIA NvDLISR;C:\Program Files (x86)\NVIDIA Corporation\PhysX\Common;C:\Program Files\Microsoft SQL Server\130\Tools\Binn\;D:\Programs\nodejs\;C:\ProgramData\chocolatey\bin;D:\Programs\Yarn\bin\;C:\Program Files\dotnet\;C:\Users\gdini\AppData\Local\Microsoft\WindowsApps;D:\Programs\Microsoft VS Code\bin;C:\Users\gdini\AppData\Local\GitHubDesktop\bin;C:\Users\gdini\AppData\Roaming\npm;C:\Users\gdini\AppData\Local\Yarn\bin
USERNAME=gdini
OS=Windows_NT
PROCESSOR_IDENTIFIER=Intel64 Family 6 Model 158 Stepping 10, GenuineIntel



---------------  S Y S T E M  ---------------

OS: Windows 10.0 , 64 bit Build 18362 (10.0.18362.329)

CPU:total 8 (initial active 8) (4 cores per cpu, 2 threads per core) family 6 model 158 stepping 10, cmov, cx8, fxsr, mmx, sse, sse2, sse3, ssse3, sse4.1, sse4.2, popcnt, avx, avx2, aes, clmul, erms, 3dnowpref, lzcnt, ht, tsc, tscinvbit, bmi1, bmi2, adx

Memory: 4k page, physical 8226408k(749884k free), swap 21408100k(4940k free)

vm_info: OpenJDK 64-Bit Server VM (25.71-b00) for windows-amd64 JRE (1.8.0-adoptopenjdk-_2018_05_19_00_59-b00), built on May 19 2018 01:02:12 by "jenkins" with MS VC++ 10.0 (VS2010)

time: Mon Oct 21 12:11:50 2019
elapsed time: 0 seconds (0d 0h 0m 0s)

